<?xml version="1.0" encoding="UTF-8"?>
<!-- Generated by org.testng.reporters.JUnitXMLReporter -->
<testsuite ignored="0" hostname="FaizanAhmad" failures="1" tests="20" name="Test" time="180.296" errors="0" timestamp="2024-07-29T17:31:47 IST">
  <testcase classname="com.testng.hdfc.Agri" name="agri" time="3.076"/>
  <testcase classname="com.testng.hdfc.CreditCardPortal" name="close" time="2.158"/>
  <testcase classname="com.testng.hdfc.CreditCardPortal" name="creditcardPortal" time="3.901"/>
  <testcase classname="com.testng.hdfc.Hdfchoverclass" name="close" time="2.101"/>
  <testcase classname="com.testng.hdfc.Hdfchoverclass" name="hdfchover" time="0.981"/>
  <testcase classname="com.testng.hdfc.HdfcLimited" name="close" time="2.122"/>
  <testcase classname="com.testng.hdfc.HdfcLimited" name="loansPortal" time="7.119"/>
  <testcase classname="com.testng.hdfc.HoverDemo" name="Hovermethod" time="3.477"/>
  <testcase classname="com.testng.hdfc.Loansportal" name="close" time="2.132"/>
  <testcase classname="com.testng.hdfc.Loansportal" name="loansPortal" time="4.185"/>
  <testcase classname="com.testng.hdfc.NRI" name="nri" time="1.638"/>
  <testcase classname="com.testng.hdfc.Personal" name="personal" time="3.332"/>
  <testcase classname="com.testng.hdfc.Searchbox" name="searchBox" time="0.067">
    <failure type="org.openqa.selenium.NoSuchElementException" message="no such element: Unable to locate element: {&amp;quot;method&amp;quot;:&amp;quot;xpath&amp;quot;,&amp;quot;selector&amp;quot;:&amp;quot;//input[@id=&amp;apos;search-chatInput&amp;apos;]&amp;quot;}
  (Session info: chrome=127.0.6533.72)
For documentation on this error, please visit: https://selenium.dev/exceptions/#no_such_element
Build info: version: &amp;apos;4.5.0&amp;apos;, revision: &amp;apos;fe167b119a&amp;apos;
System info: os.name: &amp;apos;Windows 11&amp;apos;, os.arch: &amp;apos;amd64&amp;apos;, os.version: &amp;apos;10.0&amp;apos;, java.version: &amp;apos;17.0.4&amp;apos;
Driver info: org.openqa.selenium.chrome.ChromeDriver
Command: [a89c1c9c2b620b963414128dfc249e15, findElement {using=xpath, value=//input[@id=&amp;apos;search-chatInput&amp;apos;]}]
Capabilities {acceptInsecureCerts: false, browserName: chrome, browserVersion: 127.0.6533.72, chrome: {chromedriverVersion: 126.0.6478.126 (d36ace6122e..., userDataDir: C:\Users\offic\AppData\Loca...}, fedcm:accounts: true, goog:chromeOptions: {debuggerAddress: localhost:63043}, networkConnectionEnabled: false, pageLoadStrategy: normal, platformName: WINDOWS, proxy: Proxy(), se:cdp: ws://localhost:63043/devtoo..., se:cdpVersion: 127.0.6533.72, setWindowRect: true, strictFileInteractability: false, timeouts: {implicit: 0, pageLoad: 300000, script: 30000}, unhandledPromptBehavior: dismiss and notify, webauthn:extension:credBlob: true, webauthn:extension:largeBlob: true, webauthn:extension:minPinLength: true, webauthn:extension:prf: true, webauthn:virtualAuthenticators: true}
Session ID: a89c1c9c2b620b963414128dfc249e15">
      <![CDATA[org.openqa.selenium.NoSuchElementException: no such element: Unable to locate element: {"method":"xpath","selector":"//input[@id='search-chatInput']"}
  (Session info: chrome=127.0.6533.72)
For documentation on this error, please visit: https://selenium.dev/exceptions/#no_such_element
Build info: version: '4.5.0', revision: 'fe167b119a'
System info: os.name: 'Windows 11', os.arch: 'amd64', os.version: '10.0', java.version: '17.0.4'
Driver info: org.openqa.selenium.chrome.ChromeDriver
Command: [a89c1c9c2b620b963414128dfc249e15, findElement {using=xpath, value=//input[@id='search-chatInput']}]
Capabilities {acceptInsecureCerts: false, browserName: chrome, browserVersion: 127.0.6533.72, chrome: {chromedriverVersion: 126.0.6478.126 (d36ace6122e..., userDataDir: C:\Users\offic\AppData\Loca...}, fedcm:accounts: true, goog:chromeOptions: {debuggerAddress: localhost:63043}, networkConnectionEnabled: false, pageLoadStrategy: normal, platformName: WINDOWS, proxy: Proxy(), se:cdp: ws://localhost:63043/devtoo..., se:cdpVersion: 127.0.6533.72, setWindowRect: true, strictFileInteractability: false, timeouts: {implicit: 0, pageLoad: 300000, script: 30000}, unhandledPromptBehavior: dismiss and notify, webauthn:extension:credBlob: true, webauthn:extension:largeBlob: true, webauthn:extension:minPinLength: true, webauthn:extension:prf: true, webauthn:virtualAuthenticators: true}
Session ID: a89c1c9c2b620b963414128dfc249e15
at org.openqa.selenium.remote.codec.w3c.W3CHttpResponseCodec.createException(W3CHttpResponseCodec.java:200)
at org.openqa.selenium.remote.codec.w3c.W3CHttpResponseCodec.decode(W3CHttpResponseCodec.java:133)
at org.openqa.selenium.remote.codec.w3c.W3CHttpResponseCodec.decode(W3CHttpResponseCodec.java:53)
at org.openqa.selenium.remote.HttpCommandExecutor.execute(HttpCommandExecutor.java:184)
at org.openqa.selenium.remote.service.DriverCommandExecutor.invokeExecute(DriverCommandExecutor.java:167)
at org.openqa.selenium.remote.service.DriverCommandExecutor.execute(DriverCommandExecutor.java:142)
at org.openqa.selenium.remote.RemoteWebDriver.execute(RemoteWebDriver.java:547)
at org.openqa.selenium.remote.ElementLocation$ElementFinder$2.findElement(ElementLocation.java:162)
at org.openqa.selenium.remote.ElementLocation.findElement(ElementLocation.java:60)
at org.openqa.selenium.remote.RemoteWebDriver.findElement(RemoteWebDriver.java:365)
at org.openqa.selenium.remote.RemoteWebDriver.findElement(RemoteWebDriver.java:357)
at com.testng.hdfc.Searchbox.searchBox(Searchbox.java:48)
at java.base/java.util.ArrayList.forEach(ArrayList.java:1511)
... Removed 32 stack frames]]>
    </failure>
  </testcase> <!-- searchBox -->
  <testcase classname="com.testng.hdfc.Selectproduct" name="loans" time="4.206"/>
  <testcase classname="com.testng.hdfc.Selectproducttype1" name="creditCards" time="0.585"/>
  <testcase classname="com.testng.hdfc.Selectproducttype1" name="deposits" time="0.543"/>
  <testcase classname="com.testng.hdfc.Selectproducttype1" name="dropdown" time="0.366"/>
  <testcase classname="com.testng.hdfc.Selectproducttype1" name="invest" time="0.695"/>
  <testcase classname="com.testng.hdfc.SME" name="sme" time="17.479"/>
  <testcase classname="com.testng.hdfc.WholeSale" name="wholeSale" time="2.504"/>
</testsuite> <!-- Test -->
