<html>
<head>
<title>TestNG:  Test</title>
<link href="../testng.css" rel="stylesheet" type="text/css" />
<link href="../my-testng.css" rel="stylesheet" type="text/css" />

<style type="text/css">
.log { display: none;} 
.stack-trace { display: none;} 
</style>
<script type="text/javascript">
<!--
function flip(e) {
  current = e.style.display;
  if (current == 'block') {
    e.style.display = 'none';
    return 0;
  }
  else {
    e.style.display = 'block';
    return 1;
  }
}

function toggleBox(szDivId, elem, msg1, msg2)
{
  var res = -1;  if (document.getElementById) {
    res = flip(document.getElementById(szDivId));
  }
  else if (document.all) {
    // this is the way old msie versions work
    res = flip(document.all[szDivId]);
  }
  if(elem) {
    if(res == 0) elem.innerHTML = msg1; else elem.innerHTML = msg2;
  }

}

function toggleAllBoxes() {
  if (document.getElementsByTagName) {
    d = document.getElementsByTagName('div');
    for (i = 0; i < d.length; i++) {
      if (d[i].className == 'log') {
        flip(d[i]);
      }
    }
  }
}

// -->
</script>

</head>
<body>
<h2 align='center'>Test</h2><table border='1' align="center">
<tr>
<td>Tests passed/Failed/Skipped:</td><td>19/1/0</td>
</tr><tr>
<td>Started on:</td><td>Mon Jul 29 17:28:47 IST 2024</td>
</tr>
<tr><td>Total time:</td><td>180 seconds (180296 ms)</td>
</tr><tr>
<td>Included groups:</td><td></td>
</tr><tr>
<td>Excluded groups:</td><td></td>
</tr>
</table><p/>
<small><i>(Hover the method name to see the test class name)</i></small><p/>
<table width='100%' border='1' class='invocation-failed'>
<tr><td colspan='4' align='center'><b>FAILED TESTS</b></td></tr>
<tr><td><b>Test method</b></td>
<td width="30%"><b>Exception</b></td>
<td width="10%"><b>Time (seconds)</b></td>
<td><b>Instance</b></td>
</tr>
<tr>
<td title='com.testng.hdfc.Searchbox.searchBox()'><b>searchBox</b><br>Test class: com.testng.hdfc.Searchbox</td>
<td><div><pre>org.openqa.selenium.NoSuchElementException: no such element: Unable to locate element: {&quot;method&quot;:&quot;xpath&quot;,&quot;selector&quot;:&quot;//input[@id=&apos;search-chatInput&apos;]&quot;}
  (Session info: chrome=127.0.6533.72)
For documentation on this error, please visit: https://selenium.dev/exceptions/#no_such_element
Build info: version: &apos;4.5.0&apos;, revision: &apos;fe167b119a&apos;
System info: os.name: &apos;Windows 11&apos;, os.arch: &apos;amd64&apos;, os.version: &apos;10.0&apos;, java.version: &apos;17.0.4&apos;
Driver info: org.openqa.selenium.chrome.ChromeDriver
Command: [a89c1c9c2b620b963414128dfc249e15, findElement {using=xpath, value=//input[@id=&apos;search-chatInput&apos;]}]
Capabilities {acceptInsecureCerts: false, browserName: chrome, browserVersion: 127.0.6533.72, chrome: {chromedriverVersion: 126.0.6478.126 (d36ace6122e..., userDataDir: C:\Users\offic\AppData\Loca...}, fedcm:accounts: true, goog:chromeOptions: {debuggerAddress: localhost:63043}, networkConnectionEnabled: false, pageLoadStrategy: normal, platformName: WINDOWS, proxy: Proxy(), se:cdp: ws://localhost:63043/devtoo..., se:cdpVersion: 127.0.6533.72, setWindowRect: true, strictFileInteractability: false, timeouts: {implicit: 0, pageLoad: 300000, script: 30000}, unhandledPromptBehavior: dismiss and notify, webauthn:extension:credBlob: true, webauthn:extension:largeBlob: true, webauthn:extension:minPinLength: true, webauthn:extension:prf: true, webauthn:virtualAuthenticators: true}
Session ID: a89c1c9c2b620b963414128dfc249e15
	at org.openqa.selenium.remote.codec.w3c.W3CHttpResponseCodec.createException(W3CHttpResponseCodec.java:200)
	at org.openqa.selenium.remote.codec.w3c.W3CHttpResponseCodec.decode(W3CHttpResponseCodec.java:133)
	at org.openqa.selenium.remote.codec.w3c.W3CHttpResponseCodec.decode(W3CHttpResponseCodec.java:53)
	at org.openqa.selenium.remote.HttpCommandExecutor.execute(HttpCommandExecutor.java:184)
	at org.openqa.selenium.remote.service.DriverCommandExecutor.invokeExecute(DriverCommandExecutor.java:167)
	at org.openqa.selenium.remote.service.DriverCommandExecutor.execute(DriverCommandExecutor.java:142)
	at org.openqa.selenium.remote.RemoteWebDriver.execute(RemoteWebDriver.java:547)
	at org.openqa.selenium.remote.ElementLocation$ElementFinder$2.findElement(ElementLocation.java:162)
	at org.openqa.selenium.remote.ElementLocation.findElement(ElementLocation.java:60)
	at org.openqa.selenium.remote.RemoteWebDriver.findElement(RemoteWebDriver.java:365)
	at org.openqa.selenium.remote.RemoteWebDriver.findElement(RemoteWebDriver.java:357)
	at com.testng.hdfc.Searchbox.searchBox(Searchbox.java:48)
	at java.base/java.util.ArrayList.forEach(ArrayList.java:1511)
... Removed 32 stack frames</pre></div><a href='#' onClick='toggleBox("stack-trace432112141", this, "Click to show all stack frames", "Click to hide stack frames")'>Click to show all stack frames</a>
<div class='stack-trace' id='stack-trace432112141'><pre>org.openqa.selenium.NoSuchElementException: no such element: Unable to locate element: {&quot;method&quot;:&quot;xpath&quot;,&quot;selector&quot;:&quot;//input[@id=&apos;search-chatInput&apos;]&quot;}
  (Session info: chrome=127.0.6533.72)
For documentation on this error, please visit: https://selenium.dev/exceptions/#no_such_element
Build info: version: &apos;4.5.0&apos;, revision: &apos;fe167b119a&apos;
System info: os.name: &apos;Windows 11&apos;, os.arch: &apos;amd64&apos;, os.version: &apos;10.0&apos;, java.version: &apos;17.0.4&apos;
Driver info: org.openqa.selenium.chrome.ChromeDriver
Command: [a89c1c9c2b620b963414128dfc249e15, findElement {using=xpath, value=//input[@id=&apos;search-chatInput&apos;]}]
Capabilities {acceptInsecureCerts: false, browserName: chrome, browserVersion: 127.0.6533.72, chrome: {chromedriverVersion: 126.0.6478.126 (d36ace6122e..., userDataDir: C:\Users\offic\AppData\Loca...}, fedcm:accounts: true, goog:chromeOptions: {debuggerAddress: localhost:63043}, networkConnectionEnabled: false, pageLoadStrategy: normal, platformName: WINDOWS, proxy: Proxy(), se:cdp: ws://localhost:63043/devtoo..., se:cdpVersion: 127.0.6533.72, setWindowRect: true, strictFileInteractability: false, timeouts: {implicit: 0, pageLoad: 300000, script: 30000}, unhandledPromptBehavior: dismiss and notify, webauthn:extension:credBlob: true, webauthn:extension:largeBlob: true, webauthn:extension:minPinLength: true, webauthn:extension:prf: true, webauthn:virtualAuthenticators: true}
Session ID: a89c1c9c2b620b963414128dfc249e15
	at java.base/jdk.internal.reflect.NativeConstructorAccessorImpl.newInstance0(Native Method)
	at java.base/jdk.internal.reflect.NativeConstructorAccessorImpl.newInstance(NativeConstructorAccessorImpl.java:77)
	at java.base/jdk.internal.reflect.DelegatingConstructorAccessorImpl.newInstance(DelegatingConstructorAccessorImpl.java:45)
	at java.base/java.lang.reflect.Constructor.newInstanceWithCaller(Constructor.java:499)
	at java.base/java.lang.reflect.Constructor.newInstance(Constructor.java:480)
	at org.openqa.selenium.remote.codec.w3c.W3CHttpResponseCodec.createException(W3CHttpResponseCodec.java:200)
	at org.openqa.selenium.remote.codec.w3c.W3CHttpResponseCodec.decode(W3CHttpResponseCodec.java:133)
	at org.openqa.selenium.remote.codec.w3c.W3CHttpResponseCodec.decode(W3CHttpResponseCodec.java:53)
	at org.openqa.selenium.remote.HttpCommandExecutor.execute(HttpCommandExecutor.java:184)
	at org.openqa.selenium.remote.service.DriverCommandExecutor.invokeExecute(DriverCommandExecutor.java:167)
	at org.openqa.selenium.remote.service.DriverCommandExecutor.execute(DriverCommandExecutor.java:142)
	at org.openqa.selenium.remote.RemoteWebDriver.execute(RemoteWebDriver.java:547)
	at org.openqa.selenium.remote.ElementLocation$ElementFinder$2.findElement(ElementLocation.java:162)
	at org.openqa.selenium.remote.ElementLocation.findElement(ElementLocation.java:60)
	at org.openqa.selenium.remote.RemoteWebDriver.findElement(RemoteWebDriver.java:365)
	at org.openqa.selenium.remote.RemoteWebDriver.findElement(RemoteWebDriver.java:357)
	at com.testng.hdfc.Searchbox.searchBox(Searchbox.java:48)
	at java.base/jdk.internal.reflect.NativeMethodAccessorImpl.invoke0(Native Method)
	at java.base/jdk.internal.reflect.NativeMethodAccessorImpl.invoke(NativeMethodAccessorImpl.java:77)
	at java.base/jdk.internal.reflect.DelegatingMethodAccessorImpl.invoke(DelegatingMethodAccessorImpl.java:43)
	at java.base/java.lang.reflect.Method.invoke(Method.java:568)
	at org.testng.internal.MethodInvocationHelper.invokeMethod(MethodInvocationHelper.java:133)
	at org.testng.internal.TestInvoker.invokeMethod(TestInvoker.java:598)
	at org.testng.internal.TestInvoker.invokeTestMethod(TestInvoker.java:173)
	at org.testng.internal.MethodRunner.runInSequence(MethodRunner.java:46)
	at org.testng.internal.TestInvoker$MethodInvocationAgent.invoke(TestInvoker.java:824)
	at org.testng.internal.TestInvoker.invokeTestMethods(TestInvoker.java:146)
	at org.testng.internal.TestMethodWorker.invokeTestMethods(TestMethodWorker.java:146)
	at org.testng.internal.TestMethodWorker.run(TestMethodWorker.java:128)
	at java.base/java.util.ArrayList.forEach(ArrayList.java:1511)
	at org.testng.TestRunner.privateRun(TestRunner.java:794)
	at org.testng.TestRunner.run(TestRunner.java:596)
	at org.testng.SuiteRunner.runTest(SuiteRunner.java:377)
	at org.testng.SuiteRunner.runSequentially(SuiteRunner.java:371)
	at org.testng.SuiteRunner.privateRun(SuiteRunner.java:332)
	at org.testng.SuiteRunner.run(SuiteRunner.java:276)
	at org.testng.SuiteRunnerWorker.runSuite(SuiteRunnerWorker.java:53)
	at org.testng.SuiteRunnerWorker.run(SuiteRunnerWorker.java:96)
	at org.testng.TestNG.runSuitesSequentially(TestNG.java:1212)
	at org.testng.TestNG.runSuitesLocally(TestNG.java:1134)
	at org.testng.TestNG.runSuites(TestNG.java:1063)
	at org.testng.TestNG.run(TestNG.java:1031)
	at org.testng.remote.AbstractRemoteTestNG.run(AbstractRemoteTestNG.java:115)
	at org.testng.remote.RemoteTestNG.initAndRun(RemoteTestNG.java:293)
	at org.testng.remote.RemoteTestNG.main(RemoteTestNG.java:91)
</pre></div></td>
<td>0</td>
<td>com.testng.hdfc.Searchbox@452e19ca</td></tr>
</table><p>
<table width='100%' border='1' class='invocation-passed'>
<tr><td colspan='4' align='center'><b>PASSED TESTS</b></td></tr>
<tr><td><b>Test method</b></td>
<td width="30%"><b>Exception</b></td>
<td width="10%"><b>Time (seconds)</b></td>
<td><b>Instance</b></td>
</tr>
<tr>
<td title='com.testng.hdfc.Loansportal.loansPortal()'><b>loansPortal</b><br>Test class: com.testng.hdfc.Loansportal</td>
<td></td>
<td>4</td>
<td>com.testng.hdfc.Loansportal@456d6c1e</td></tr>
<tr>
<td title='com.testng.hdfc.Selectproducttype1.deposits()'><b>deposits</b><br>Test class: com.testng.hdfc.Selectproducttype1</td>
<td></td>
<td>0</td>
<td>com.testng.hdfc.Selectproducttype1@6f8e8894</td></tr>
<tr>
<td title='com.testng.hdfc.SME.sme()'><b>sme</b><br>Test class: com.testng.hdfc.SME</td>
<td></td>
<td>17</td>
<td>com.testng.hdfc.SME@3cfdd820</td></tr>
<tr>
<td title='com.testng.hdfc.WholeSale.wholeSale()'><b>wholeSale</b><br>Test class: com.testng.hdfc.WholeSale</td>
<td></td>
<td>2</td>
<td>com.testng.hdfc.WholeSale@928763c</td></tr>
<tr>
<td title='com.testng.hdfc.CreditCardPortal.creditcardPortal()'><b>creditcardPortal</b><br>Test class: com.testng.hdfc.CreditCardPortal</td>
<td></td>
<td>3</td>
<td>com.testng.hdfc.CreditCardPortal@7b50df34</td></tr>
<tr>
<td title='com.testng.hdfc.Personal.personal()'><b>personal</b><br>Test class: com.testng.hdfc.Personal</td>
<td></td>
<td>3</td>
<td>com.testng.hdfc.Personal@1ec9bd38</td></tr>
<tr>
<td title='com.testng.hdfc.Selectproducttype1.invest()'><b>invest</b><br>Test class: com.testng.hdfc.Selectproducttype1</td>
<td></td>
<td>0</td>
<td>com.testng.hdfc.Selectproducttype1@6f8e8894</td></tr>
<tr>
<td title='com.testng.hdfc.Loansportal.close()'><b>close</b><br>Test class: com.testng.hdfc.Loansportal</td>
<td></td>
<td>2</td>
<td>com.testng.hdfc.Loansportal@456d6c1e</td></tr>
<tr>
<td title='com.testng.hdfc.Selectproducttype1.creditCards()'><b>creditCards</b><br>Test class: com.testng.hdfc.Selectproducttype1</td>
<td></td>
<td>0</td>
<td>com.testng.hdfc.Selectproducttype1@6f8e8894</td></tr>
<tr>
<td title='com.testng.hdfc.Selectproduct.loans()'><b>loans</b><br>Test class: com.testng.hdfc.Selectproduct</td>
<td></td>
<td>4</td>
<td>com.testng.hdfc.Selectproduct@6b0d80ed</td></tr>
<tr>
<td title='com.testng.hdfc.NRI.nri()'><b>nri</b><br>Test class: com.testng.hdfc.NRI</td>
<td></td>
<td>1</td>
<td>com.testng.hdfc.NRI@1e13529a</td></tr>
<tr>
<td title='com.testng.hdfc.HdfcLimited.loansPortal()'><b>loansPortal</b><br>Test class: com.testng.hdfc.HdfcLimited</td>
<td></td>
<td>7</td>
<td>com.testng.hdfc.HdfcLimited@2462cb01</td></tr>
<tr>
<td title='com.testng.hdfc.Agri.agri()'><b>agri</b><br>Test class: com.testng.hdfc.Agri</td>
<td></td>
<td>3</td>
<td>com.testng.hdfc.Agri@16612a51</td></tr>
<tr>
<td title='com.testng.hdfc.Selectproducttype1.dropdown()'><b>dropdown</b><br>Test class: com.testng.hdfc.Selectproducttype1</td>
<td></td>
<td>0</td>
<td>com.testng.hdfc.Selectproducttype1@6f8e8894</td></tr>
<tr>
<td title='com.testng.hdfc.HoverDemo.Hovermethod()'><b>Hovermethod</b><br>Test class: com.testng.hdfc.HoverDemo</td>
<td></td>
<td>3</td>
<td>com.testng.hdfc.HoverDemo@77659b30</td></tr>
<tr>
<td title='com.testng.hdfc.Hdfchoverclass.hdfchover()'><b>hdfchover</b><br>Test class: com.testng.hdfc.Hdfchoverclass</td>
<td></td>
<td>0</td>
<td>com.testng.hdfc.Hdfchoverclass@1b410b60</td></tr>
<tr>
<td title='com.testng.hdfc.Hdfchoverclass.close()'><b>close</b><br>Test class: com.testng.hdfc.Hdfchoverclass</td>
<td></td>
<td>2</td>
<td>com.testng.hdfc.Hdfchoverclass@1b410b60</td></tr>
<tr>
<td title='com.testng.hdfc.HdfcLimited.close()'><b>close</b><br>Test class: com.testng.hdfc.HdfcLimited</td>
<td></td>
<td>2</td>
<td>com.testng.hdfc.HdfcLimited@2462cb01</td></tr>
<tr>
<td title='com.testng.hdfc.CreditCardPortal.close()'><b>close</b><br>Test class: com.testng.hdfc.CreditCardPortal</td>
<td></td>
<td>2</td>
<td>com.testng.hdfc.CreditCardPortal@7b50df34</td></tr>
</table><p>
</body>
</html>